[2013-05-11 10:54:34][ABURISK:DEBUG][127.0.0.1] Query for;
array (
  'query' => 'SELECT * FROM users_games WHERE user_id LIKE ?   ',
  'params' => 
  array (
    0 => 17,
  ),
)
[2013-05-11 10:54:34][ABURISK:DEBUG][127.0.0.1] Query for;
array (
  'query' => 'SELECT * FROM games WHERE id LIKE ?   ',
  'params' => 
  array (
    0 => 39,
  ),
)
[2013-05-11 10:54:34][ABURISK:DEBUG][127.0.0.1] Query for;
array (
  'query' => 'SELECT * FROM users_games WHERE user_id LIKE ? AND game_id LIKE ?   ',
  'params' => 
  array (
    0 => 17,
    1 => 39,
  ),
)
[2013-05-11 10:54:35][ABURISK:DEBUG][127.0.0.1] Query for;
array (
  'query' => 'SELECT * FROM users_games WHERE user_id LIKE ?   ',
  'params' => 
  array (
    0 => 17,
  ),
)
[2013-05-11 10:54:35][ABURISK:DEBUG][127.0.0.1] Query for;
array (
  'query' => 'SELECT * FROM games WHERE id LIKE ?   ',
  'params' => 
  array (
    0 => 39,
  ),
)
[2013-05-11 10:54:35][ABURISK:DEBUG][127.0.0.1] Query for;
array (
  'query' => 'SELECT * FROM users_games WHERE user_id LIKE ? AND game_id LIKE ?   ',
  'params' => 
  array (
    0 => 17,
    1 => 39,
  ),
)
[2013-05-11 10:54:36][ABURISK:DEBUG][127.0.0.1] Query for;
array (
  'query' => 'SELECT * FROM users_games WHERE user_id LIKE ?   ',
  'params' => 
  array (
    0 => 17,
  ),
)
[2013-05-11 10:54:36][ABURISK:DEBUG][127.0.0.1] Query for;
array (
  'query' => 'SELECT * FROM games WHERE id LIKE ?   ',
  'params' => 
  array (
    0 => 39,
  ),
)
[2013-05-11 10:54:36][ABURISK:DEBUG][127.0.0.1] Query for;
array (
  'query' => 'SELECT * FROM users_games WHERE user_id LIKE ? AND game_id LIKE ?   ',
  'params' => 
  array (
    0 => 17,
    1 => 39,
  ),
)
[2013-05-11 10:54:37][ABURISK:DEBUG][127.0.0.1] Query for;
array (
  'query' => 'SELECT * FROM users_games WHERE user_id LIKE ?   ',
  'params' => 
  array (
    0 => 17,
  ),
)
[2013-05-11 10:54:37][ABURISK:DEBUG][127.0.0.1] Query for;
array (
  'query' => 'SELECT * FROM games WHERE id LIKE ?   ',
  'params' => 
  array (
    0 => 39,
  ),
)
[2013-05-11 10:54:37][ABURISK:DEBUG][127.0.0.1] Query for;
array (
  'query' => 'SELECT * FROM users_games WHERE user_id LIKE ? AND game_id LIKE ?   ',
  'params' => 
  array (
    0 => 17,
    1 => 39,
  ),
)
[2013-05-11 10:54:38][ABURISK:DEBUG][127.0.0.1] Query for;
array (
  'query' => 'SELECT * FROM users_games WHERE user_id LIKE ?   ',
  'params' => 
  array (
    0 => 17,
  ),
)
[2013-05-11 10:54:38][ABURISK:DEBUG][127.0.0.1] Query for;
array (
  'query' => 'SELECT * FROM games WHERE id LIKE ?   ',
  'params' => 
  array (
    0 => 39,
  ),
)
[2013-05-11 10:54:38][ABURISK:DEBUG][127.0.0.1] Query for;
array (
  'query' => 'SELECT * FROM users_games WHERE user_id LIKE ? AND game_id LIKE ?   ',
  'params' => 
  array (
    0 => 17,
    1 => 39,
  ),
)
[2013-05-11 10:54:39][ABURISK:DEBUG][127.0.0.1] Query for;
array (
  'query' => 'SELECT * FROM users_games WHERE user_id LIKE ?   ',
  'params' => 
  array (
    0 => 17,
  ),
)
[2013-05-11 10:54:39][ABURISK:DEBUG][127.0.0.1] Query for;
array (
  'query' => 'SELECT * FROM games WHERE id LIKE ?   ',
  'params' => 
  array (
    0 => 39,
  ),
)
[2013-05-11 10:54:39][ABURISK:DEBUG][127.0.0.1] Query for;
array (
  'query' => 'SELECT * FROM users_games WHERE user_id LIKE ? AND game_id LIKE ?   ',
  'params' => 
  array (
    0 => 17,
    1 => 39,
  ),
)
[2013-05-11 10:54:40][ABURISK:DEBUG][127.0.0.1] Query for;
array (
  'query' => 'SELECT * FROM users_games WHERE user_id LIKE ?   ',
  'params' => 
  array (
    0 => 17,
  ),
)
[2013-05-11 10:54:40][ABURISK:DEBUG][127.0.0.1] Query for;
array (
  'query' => 'SELECT * FROM games WHERE id LIKE ?   ',
  'params' => 
  array (
    0 => 39,
  ),
)
[2013-05-11 10:54:40][ABURISK:DEBUG][127.0.0.1] Query for;
array (
  'query' => 'SELECT * FROM users_games WHERE user_id LIKE ? AND game_id LIKE ?   ',
  'params' => 
  array (
    0 => 17,
    1 => 39,
  ),
)
[2013-05-11 10:54:41][ABURISK:DEBUG][127.0.0.1] Query for;
array (
  'query' => 'SELECT * FROM users_games WHERE user_id LIKE ?   ',
  'params' => 
  array (
    0 => 17,
  ),
)
[2013-05-11 10:54:41][ABURISK:DEBUG][127.0.0.1] Query for;
array (
  'query' => 'SELECT * FROM games WHERE id LIKE ?   ',
  'params' => 
  array (
    0 => 39,
  ),
)
[2013-05-11 10:54:41][ABURISK:DEBUG][127.0.0.1] Query for;
array (
  'query' => 'SELECT * FROM users_games WHERE user_id LIKE ? AND game_id LIKE ?   ',
  'params' => 
  array (
    0 => 17,
    1 => 39,
  ),
)
[2013-05-11 10:54:42][ABURISK:DEBUG][127.0.0.1] Query for;
array (
  'query' => 'SELECT * FROM users_games WHERE user_id LIKE ?   ',
  'params' => 
  array (
    0 => 17,
  ),
)
[2013-05-11 10:54:42][ABURISK:DEBUG][127.0.0.1] Query for;
array (
  'query' => 'SELECT * FROM games WHERE id LIKE ?   ',
  'params' => 
  array (
    0 => 39,
  ),
)
[2013-05-11 10:54:42][ABURISK:DEBUG][127.0.0.1] Query for;
array (
  'query' => 'SELECT * FROM users_games WHERE user_id LIKE ? AND game_id LIKE ?   ',
  'params' => 
  array (
    0 => 17,
    1 => 39,
  ),
)
[2013-05-11 10:54:43][ABURISK:DEBUG][127.0.0.1] Query for;
array (
  'query' => 'SELECT * FROM users_games WHERE user_id LIKE ?   ',
  'params' => 
  array (
    0 => 17,
  ),
)
[2013-05-11 10:54:43][ABURISK:DEBUG][127.0.0.1] Query for;
array (
  'query' => 'SELECT * FROM games WHERE id LIKE ?   ',
  'params' => 
  array (
    0 => 39,
  ),
)
[2013-05-11 10:54:43][ABURISK:DEBUG][127.0.0.1] Query for;
array (
  'query' => 'SELECT * FROM users_games WHERE user_id LIKE ? AND game_id LIKE ?   ',
  'params' => 
  array (
    0 => 17,
    1 => 39,
  ),
)
[2013-05-11 10:54:44][ABURISK:DEBUG][127.0.0.1] Query for;
array (
  'query' => 'SELECT * FROM users_games WHERE user_id LIKE ?   ',
  'params' => 
  array (
    0 => 17,
  ),
)
[2013-05-11 10:54:44][ABURISK:DEBUG][127.0.0.1] Query for;
array (
  'query' => 'SELECT * FROM games WHERE id LIKE ?   ',
  'params' => 
  array (
    0 => 39,
  ),
)
[2013-05-11 10:54:44][ABURISK:DEBUG][127.0.0.1] Query for;
array (
  'query' => 'SELECT * FROM users_games WHERE user_id LIKE ? AND game_id LIKE ?   ',
  'params' => 
  array (
    0 => 17,
    1 => 39,
  ),
)
[2013-05-11 10:54:45][ABURISK:DEBUG][127.0.0.1] Query for;
array (
  'query' => 'SELECT * FROM users_games WHERE user_id LIKE ?   ',
  'params' => 
  array (
    0 => 17,
  ),
)
[2013-05-11 10:54:45][ABURISK:DEBUG][127.0.0.1] Query for;
array (
  'query' => 'SELECT * FROM games WHERE id LIKE ?   ',
  'params' => 
  array (
    0 => 39,
  ),
)
[2013-05-11 10:54:45][ABURISK:DEBUG][127.0.0.1] Query for;
array (
  'query' => 'SELECT * FROM users_games WHERE user_id LIKE ? AND game_id LIKE ?   ',
  'params' => 
  array (
    0 => 17,
    1 => 39,
  ),
)
[2013-05-11 10:54:46][ABURISK:DEBUG][127.0.0.1] Query for;
array (
  'query' => 'SELECT * FROM users_games WHERE user_id LIKE ?   ',
  'params' => 
  array (
    0 => 17,
  ),
)
[2013-05-11 10:54:46][ABURISK:DEBUG][127.0.0.1] Query for;
array (
  'query' => 'SELECT * FROM games WHERE id LIKE ?   ',
  'params' => 
  array (
    0 => 39,
  ),
)
[2013-05-11 10:54:46][ABURISK:DEBUG][127.0.0.1] Query for;
array (
  'query' => 'SELECT * FROM users_games WHERE user_id LIKE ? AND game_id LIKE ?   ',
  'params' => 
  array (
    0 => 17,
    1 => 39,
  ),
)
[2013-05-11 10:54:47][ABURISK:DEBUG][127.0.0.1] Query for;
array (
  'query' => 'SELECT * FROM users_games WHERE user_id LIKE ?   ',
  'params' => 
  array (
    0 => 17,
  ),
)
[2013-05-11 10:54:47][ABURISK:DEBUG][127.0.0.1] Query for;
array (
  'query' => 'SELECT * FROM games WHERE id LIKE ?   ',
  'params' => 
  array (
    0 => 39,
  ),
)
[2013-05-11 10:54:47][ABURISK:DEBUG][127.0.0.1] Query for;
array (
  'query' => 'SELECT * FROM users_games WHERE user_id LIKE ? AND game_id LIKE ?   ',
  'params' => 
  array (
    0 => 17,
    1 => 39,
  ),
)
[2013-05-11 10:54:48][ABURISK:DEBUG][127.0.0.1] Query for;
array (
  'query' => 'SELECT * FROM users_games WHERE user_id LIKE ?   ',
  'params' => 
  array (
    0 => 17,
  ),
)
[2013-05-11 10:54:48][ABURISK:DEBUG][127.0.0.1] Query for;
array (
  'query' => 'SELECT * FROM games WHERE id LIKE ?   ',
  'params' => 
  array (
    0 => 39,
  ),
)
[2013-05-11 10:54:48][ABURISK:DEBUG][127.0.0.1] Query for;
array (
  'query' => 'SELECT * FROM users_games WHERE user_id LIKE ? AND game_id LIKE ?   ',
  'params' => 
  array (
    0 => 17,
    1 => 39,
  ),
)
[2013-05-11 10:54:49][ABURISK:DEBUG][127.0.0.1] Query for;
array (
  'query' => 'SELECT * FROM users_games WHERE user_id LIKE ?   ',
  'params' => 
  array (
    0 => 17,
  ),
)
[2013-05-11 10:54:49][ABURISK:DEBUG][127.0.0.1] Query for;
array (
  'query' => 'SELECT * FROM games WHERE id LIKE ?   ',
  'params' => 
  array (
    0 => 39,
  ),
)
[2013-05-11 10:54:49][ABURISK:DEBUG][127.0.0.1] Query for;
array (
  'query' => 'SELECT * FROM users_games WHERE user_id LIKE ? AND game_id LIKE ?   ',
  'params' => 
  array (
    0 => 17,
    1 => 39,
  ),
)
[2013-05-11 10:54:50][ABURISK:DEBUG][127.0.0.1] Query for;
array (
  'query' => 'SELECT * FROM users_games WHERE user_id LIKE ?   ',
  'params' => 
  array (
    0 => 17,
  ),
)
[2013-05-11 10:54:50][ABURISK:DEBUG][127.0.0.1] Query for;
array (
  'query' => 'SELECT * FROM games WHERE id LIKE ?   ',
  'params' => 
  array (
    0 => 39,
  ),
)
[2013-05-11 10:54:50][ABURISK:DEBUG][127.0.0.1] Query for;
array (
  'query' => 'SELECT * FROM users_games WHERE user_id LIKE ? AND game_id LIKE ?   ',
  'params' => 
  array (
    0 => 17,
    1 => 39,
  ),
)
[2013-05-11 10:54:51][ABURISK:DEBUG][127.0.0.1] Query for;
array (
  'query' => 'SELECT * FROM users_games WHERE user_id LIKE ?   ',
  'params' => 
  array (
    0 => 17,
  ),
)
[2013-05-11 10:54:51][ABURISK:DEBUG][127.0.0.1] Query for;
array (
  'query' => 'SELECT * FROM games WHERE id LIKE ?   ',
  'params' => 
  array (
    0 => 39,
  ),
)
[2013-05-11 10:54:51][ABURISK:DEBUG][127.0.0.1] Query for;
array (
  'query' => 'SELECT * FROM users_games WHERE user_id LIKE ? AND game_id LIKE ?   ',
  'params' => 
  array (
    0 => 17,
    1 => 39,
  ),
)
[2013-05-11 10:54:52][ABURISK:DEBUG][127.0.0.1] Query for;
array (
  'query' => 'SELECT * FROM users_games WHERE user_id LIKE ?   ',
  'params' => 
  array (
    0 => 17,
  ),
)
[2013-05-11 10:54:52][ABURISK:DEBUG][127.0.0.1] Query for;
array (
  'query' => 'SELECT * FROM games WHERE id LIKE ?   ',
  'params' => 
  array (
    0 => 39,
  ),
)
[2013-05-11 10:54:52][ABURISK:DEBUG][127.0.0.1] Query for;
array (
  'query' => 'SELECT * FROM users_games WHERE user_id LIKE ? AND game_id LIKE ?   ',
  'params' => 
  array (
    0 => 17,
    1 => 39,
  ),
)
[2013-05-11 10:54:53][ABURISK:DEBUG][127.0.0.1] Query for;
array (
  'query' => 'SELECT * FROM users_games WHERE user_id LIKE ?   ',
  'params' => 
  array (
    0 => 17,
  ),
)
[2013-05-11 10:54:53][ABURISK:DEBUG][127.0.0.1] Query for;
array (
  'query' => 'SELECT * FROM games WHERE id LIKE ?   ',
  'params' => 
  array (
    0 => 39,
  ),
)
[2013-05-11 10:54:53][ABURISK:DEBUG][127.0.0.1] Query for;
array (
  'query' => 'SELECT * FROM users_games WHERE user_id LIKE ? AND game_id LIKE ?   ',
  'params' => 
  array (
    0 => 17,
    1 => 39,
  ),
)
[2013-05-11 10:54:54][ABURISK:DEBUG][127.0.0.1] Query for;
array (
  'query' => 'SELECT * FROM users_games WHERE user_id LIKE ?   ',
  'params' => 
  array (
    0 => 17,
  ),
)
[2013-05-11 10:54:54][ABURISK:DEBUG][127.0.0.1] Query for;
array (
  'query' => 'SELECT * FROM games WHERE id LIKE ?   ',
  'params' => 
  array (
    0 => 39,
  ),
)
[2013-05-11 10:54:54][ABURISK:DEBUG][127.0.0.1] Query for;
array (
  'query' => 'SELECT * FROM users_games WHERE user_id LIKE ? AND game_id LIKE ?   ',
  'params' => 
  array (
    0 => 17,
    1 => 39,
  ),
)
[2013-05-11 10:54:55][ABURISK:DEBUG][127.0.0.1] Query for;
array (
  'query' => 'SELECT * FROM users_games WHERE user_id LIKE ?   ',
  'params' => 
  array (
    0 => 17,
  ),
)
[2013-05-11 10:54:55][ABURISK:DEBUG][127.0.0.1] Query for;
array (
  'query' => 'SELECT * FROM games WHERE id LIKE ?   ',
  'params' => 
  array (
    0 => 39,
  ),
)
[2013-05-11 10:54:55][ABURISK:DEBUG][127.0.0.1] Query for;
array (
  'query' => 'SELECT * FROM users_games WHERE user_id LIKE ? AND game_id LIKE ?   ',
  'params' => 
  array (
    0 => 17,
    1 => 39,
  ),
)
[2013-05-11 10:54:56][ABURISK:DEBUG][127.0.0.1] Query for;
array (
  'query' => 'SELECT * FROM users_games WHERE user_id LIKE ?   ',
  'params' => 
  array (
    0 => 17,
  ),
)
[2013-05-11 10:54:56][ABURISK:DEBUG][127.0.0.1] Query for;
array (
  'query' => 'SELECT * FROM games WHERE id LIKE ?   ',
  'params' => 
  array (
    0 => 39,
  ),
)
[2013-05-11 10:54:56][ABURISK:DEBUG][127.0.0.1] Query for;
array (
  'query' => 'SELECT * FROM users_games WHERE user_id LIKE ? AND game_id LIKE ?   ',
  'params' => 
  array (
    0 => 17,
    1 => 39,
  ),
)
[2013-05-11 10:54:57][ABURISK:DEBUG][127.0.0.1] Query for;
array (
  'query' => 'SELECT * FROM users_games WHERE user_id LIKE ?   ',
  'params' => 
  array (
    0 => 17,
  ),
)
[2013-05-11 10:54:57][ABURISK:DEBUG][127.0.0.1] Query for;
array (
  'query' => 'SELECT * FROM games WHERE id LIKE ?   ',
  'params' => 
  array (
    0 => 39,
  ),
)
[2013-05-11 10:54:57][ABURISK:DEBUG][127.0.0.1] Query for;
array (
  'query' => 'SELECT * FROM users_games WHERE user_id LIKE ? AND game_id LIKE ?   ',
  'params' => 
  array (
    0 => 17,
    1 => 39,
  ),
)
[2013-05-11 10:54:58][ABURISK:DEBUG][127.0.0.1] Query for;
array (
  'query' => 'SELECT * FROM users_games WHERE user_id LIKE ?   ',
  'params' => 
  array (
    0 => 17,
  ),
)
[2013-05-11 10:54:58][ABURISK:DEBUG][127.0.0.1] Query for;
array (
  'query' => 'SELECT * FROM games WHERE id LIKE ?   ',
  'params' => 
  array (
    0 => 39,
  ),
)
[2013-05-11 10:54:58][ABURISK:DEBUG][127.0.0.1] Query for;
array (
  'query' => 'SELECT * FROM users_games WHERE user_id LIKE ? AND game_id LIKE ?   ',
  'params' => 
  array (
    0 => 17,
    1 => 39,
  ),
)
[2013-05-11 10:54:59][ABURISK:DEBUG][127.0.0.1] Query for;
array (
  'query' => 'SELECT * FROM users_games WHERE user_id LIKE ?   ',
  'params' => 
  array (
    0 => 17,
  ),
)
[2013-05-11 10:54:59][ABURISK:DEBUG][127.0.0.1] Query for;
array (
  'query' => 'SELECT * FROM games WHERE id LIKE ?   ',
  'params' => 
  array (
    0 => 39,
  ),
)
[2013-05-11 10:54:59][ABURISK:DEBUG][127.0.0.1] Query for;
array (
  'query' => 'SELECT * FROM users_games WHERE user_id LIKE ? AND game_id LIKE ?   ',
  'params' => 
  array (
    0 => 17,
    1 => 39,
  ),
)
[2013-05-11 10:55:00][ABURISK:DEBUG][127.0.0.1] Query for;
array (
  'query' => 'SELECT * FROM users_games WHERE user_id LIKE ?   ',
  'params' => 
  array (
    0 => 17,
  ),
)
[2013-05-11 10:55:00][ABURISK:DEBUG][127.0.0.1] Query for;
array (
  'query' => 'SELECT * FROM games WHERE id LIKE ?   ',
  'params' => 
  array (
    0 => 39,
  ),
)
[2013-05-11 10:55:00][ABURISK:DEBUG][127.0.0.1] Query for;
array (
  'query' => 'SELECT * FROM users_games WHERE user_id LIKE ? AND game_id LIKE ?   ',
  'params' => 
  array (
    0 => 17,
    1 => 39,
  ),
)
[2013-05-11 10:55:01][ABURISK:DEBUG][127.0.0.1] Query for;
array (
  'query' => 'SELECT * FROM users_games WHERE user_id LIKE ?   ',
  'params' => 
  array (
    0 => 17,
  ),
)
[2013-05-11 10:55:01][ABURISK:DEBUG][127.0.0.1] Query for;
array (
  'query' => 'SELECT * FROM games WHERE id LIKE ?   ',
  'params' => 
  array (
    0 => 39,
  ),
)
[2013-05-11 10:55:01][ABURISK:DEBUG][127.0.0.1] Query for;
array (
  'query' => 'SELECT * FROM users_games WHERE user_id LIKE ? AND game_id LIKE ?   ',
  'params' => 
  array (
    0 => 17,
    1 => 39,
  ),
)
[2013-05-11 10:55:02][ABURISK:DEBUG][127.0.0.1] Query for;
array (
  'query' => 'SELECT * FROM users_games WHERE user_id LIKE ?   ',
  'params' => 
  array (
    0 => 17,
  ),
)
[2013-05-11 10:55:02][ABURISK:DEBUG][127.0.0.1] Query for;
array (
  'query' => 'SELECT * FROM games WHERE id LIKE ?   ',
  'params' => 
  array (
    0 => 39,
  ),
)
[2013-05-11 10:55:02][ABURISK:DEBUG][127.0.0.1] Query for;
array (
  'query' => 'SELECT * FROM users_games WHERE user_id LIKE ? AND game_id LIKE ?   ',
  'params' => 
  array (
    0 => 17,
    1 => 39,
  ),
)
[2013-05-11 10:55:03][ABURISK:DEBUG][127.0.0.1] Query for;
array (
  'query' => 'SELECT * FROM users_games WHERE user_id LIKE ?   ',
  'params' => 
  array (
    0 => 17,
  ),
)
[2013-05-11 10:55:03][ABURISK:DEBUG][127.0.0.1] Query for;
array (
  'query' => 'SELECT * FROM games WHERE id LIKE ?   ',
  'params' => 
  array (
    0 => 39,
  ),
)
[2013-05-11 10:55:03][ABURISK:DEBUG][127.0.0.1] Query for;
array (
  'query' => 'SELECT * FROM users_games WHERE user_id LIKE ? AND game_id LIKE ?   ',
  'params' => 
  array (
    0 => 17,
    1 => 39,
  ),
)
[2013-05-11 10:55:04][ABURISK:DEBUG][127.0.0.1] Query for;
array (
  'query' => 'SELECT * FROM users_games WHERE user_id LIKE ?   ',
  'params' => 
  array (
    0 => 17,
  ),
)
[2013-05-11 10:55:04][ABURISK:DEBUG][127.0.0.1] Query for;
array (
  'query' => 'SELECT * FROM games WHERE id LIKE ?   ',
  'params' => 
  array (
    0 => 39,
  ),
)
[2013-05-11 10:55:04][ABURISK:DEBUG][127.0.0.1] Query for;
array (
  'query' => 'SELECT * FROM users_games WHERE user_id LIKE ? AND game_id LIKE ?   ',
  'params' => 
  array (
    0 => 17,
    1 => 39,
  ),
)
[2013-05-11 10:55:05][ABURISK:DEBUG][127.0.0.1] Query for;
array (
  'query' => 'SELECT * FROM users_games WHERE user_id LIKE ?   ',
  'params' => 
  array (
    0 => 17,
  ),
)
[2013-05-11 10:55:05][ABURISK:DEBUG][127.0.0.1] Query for;
array (
  'query' => 'SELECT * FROM games WHERE id LIKE ?   ',
  'params' => 
  array (
    0 => 39,
  ),
)
[2013-05-11 10:55:05][ABURISK:DEBUG][127.0.0.1] Query for;
array (
  'query' => 'SELECT * FROM users_games WHERE user_id LIKE ? AND game_id LIKE ?   ',
  'params' => 
  array (
    0 => 17,
    1 => 39,
  ),
)
[2013-05-11 10:55:07][ABURISK:DEBUG][127.0.0.1] Query for;
array (
  'query' => 'SELECT * FROM users_games WHERE user_id LIKE ?   ',
  'params' => 
  array (
    0 => 17,
  ),
)
[2013-05-11 10:55:07][ABURISK:DEBUG][127.0.0.1] Query for;
array (
  'query' => 'SELECT * FROM games WHERE id LIKE ?   ',
  'params' => 
  array (
    0 => 39,
  ),
)
[2013-05-11 10:55:07][ABURISK:DEBUG][127.0.0.1] Query for;
array (
  'query' => 'SELECT * FROM users_games WHERE user_id LIKE ? AND game_id LIKE ?   ',
  'params' => 
  array (
    0 => 17,
    1 => 39,
  ),
)
[2013-05-11 10:55:08][ABURISK:DEBUG][127.0.0.1] Query for;
array (
  'query' => 'SELECT * FROM users_games WHERE user_id LIKE ?   ',
  'params' => 
  array (
    0 => 17,
  ),
)
[2013-05-11 10:55:08][ABURISK:DEBUG][127.0.0.1] Query for;
array (
  'query' => 'SELECT * FROM games WHERE id LIKE ?   ',
  'params' => 
  array (
    0 => 39,
  ),
)
[2013-05-11 10:55:08][ABURISK:DEBUG][127.0.0.1] Query for;
array (
  'query' => 'SELECT * FROM users_games WHERE user_id LIKE ? AND game_id LIKE ?   ',
  'params' => 
  array (
    0 => 17,
    1 => 39,
  ),
)
[2013-05-11 10:55:09][ABURISK:DEBUG][127.0.0.1] Query for;
array (
  'query' => 'SELECT * FROM users_games WHERE user_id LIKE ?   ',
  'params' => 
  array (
    0 => 17,
  ),
)
[2013-05-11 10:55:09][ABURISK:DEBUG][127.0.0.1] Query for;
array (
  'query' => 'SELECT * FROM games WHERE id LIKE ?   ',
  'params' => 
  array (
    0 => 39,
  ),
)
[2013-05-11 10:55:09][ABURISK:DEBUG][127.0.0.1] Query for;
array (
  'query' => 'SELECT * FROM users_games WHERE user_id LIKE ? AND game_id LIKE ?   ',
  'params' => 
  array (
    0 => 17,
    1 => 39,
  ),
)
[2013-05-11 10:55:10][ABURISK:DEBUG][127.0.0.1] Query for;
array (
  'query' => 'SELECT * FROM users_games WHERE user_id LIKE ?   ',
  'params' => 
  array (
    0 => 17,
  ),
)
[2013-05-11 10:55:10][ABURISK:DEBUG][127.0.0.1] Query for;
array (
  'query' => 'SELECT * FROM games WHERE id LIKE ?   ',
  'params' => 
  array (
    0 => 39,
  ),
)
[2013-05-11 10:55:10][ABURISK:DEBUG][127.0.0.1] Query for;
array (
  'query' => 'SELECT * FROM users_games WHERE user_id LIKE ? AND game_id LIKE ?   ',
  'params' => 
  array (
    0 => 17,
    1 => 39,
  ),
)
[2013-05-11 10:55:11][ABURISK:DEBUG][127.0.0.1] Query for;
array (
  'query' => 'SELECT * FROM users_games WHERE user_id LIKE ?   ',
  'params' => 
  array (
    0 => 17,
  ),
)
[2013-05-11 10:55:11][ABURISK:DEBUG][127.0.0.1] Query for;
array (
  'query' => 'SELECT * FROM games WHERE id LIKE ?   ',
  'params' => 
  array (
    0 => 39,
  ),
)
[2013-05-11 10:55:11][ABURISK:DEBUG][127.0.0.1] Query for;
array (
  'query' => 'SELECT * FROM users_games WHERE user_id LIKE ? AND game_id LIKE ?   ',
  'params' => 
  array (
    0 => 17,
    1 => 39,
  ),
)
[2013-05-11 10:55:12][ABURISK:DEBUG][127.0.0.1] Query for;
array (
  'query' => 'SELECT * FROM users_games WHERE user_id LIKE ?   ',
  'params' => 
  array (
    0 => 17,
  ),
)
[2013-05-11 10:55:12][ABURISK:DEBUG][127.0.0.1] Query for;
array (
  'query' => 'SELECT * FROM games WHERE id LIKE ?   ',
  'params' => 
  array (
    0 => 39,
  ),
)
[2013-05-11 10:55:12][ABURISK:DEBUG][127.0.0.1] Query for;
array (
  'query' => 'SELECT * FROM users_games WHERE user_id LIKE ? AND game_id LIKE ?   ',
  'params' => 
  array (
    0 => 17,
    1 => 39,
  ),
)
[2013-05-11 10:55:13][ABURISK:DEBUG][127.0.0.1] Query for;
array (
  'query' => 'SELECT * FROM users_games WHERE user_id LIKE ?   ',
  'params' => 
  array (
    0 => 17,
  ),
)
[2013-05-11 10:55:13][ABURISK:DEBUG][127.0.0.1] Query for;
array (
  'query' => 'SELECT * FROM games WHERE id LIKE ?   ',
  'params' => 
  array (
    0 => 39,
  ),
)
[2013-05-11 10:55:13][ABURISK:DEBUG][127.0.0.1] Query for;
array (
  'query' => 'SELECT * FROM users_games WHERE user_id LIKE ? AND game_id LIKE ?   ',
  'params' => 
  array (
    0 => 17,
    1 => 39,
  ),
)
[2013-05-11 10:55:14][ABURISK:DEBUG][127.0.0.1] Query for;
array (
  'query' => 'SELECT * FROM users_games WHERE user_id LIKE ?   ',
  'params' => 
  array (
    0 => 17,
  ),
)
[2013-05-11 10:55:14][ABURISK:DEBUG][127.0.0.1] Query for;
array (
  'query' => 'SELECT * FROM games WHERE id LIKE ?   ',
  'params' => 
  array (
    0 => 39,
  ),
)
[2013-05-11 10:55:14][ABURISK:DEBUG][127.0.0.1] Query for;
array (
  'query' => 'SELECT * FROM users_games WHERE user_id LIKE ? AND game_id LIKE ?   ',
  'params' => 
  array (
    0 => 17,
    1 => 39,
  ),
)
[2013-05-11 10:55:15][ABURISK:DEBUG][127.0.0.1] Query for;
array (
  'query' => 'SELECT * FROM users_games WHERE user_id LIKE ?   ',
  'params' => 
  array (
    0 => 17,
  ),
)
[2013-05-11 10:55:15][ABURISK:DEBUG][127.0.0.1] Query for;
array (
  'query' => 'SELECT * FROM games WHERE id LIKE ?   ',
  'params' => 
  array (
    0 => 39,
  ),
)
[2013-05-11 10:55:15][ABURISK:DEBUG][127.0.0.1] Query for;
array (
  'query' => 'SELECT * FROM users_games WHERE user_id LIKE ? AND game_id LIKE ?   ',
  'params' => 
  array (
    0 => 17,
    1 => 39,
  ),
)
[2013-05-11 10:55:16][ABURISK:DEBUG][127.0.0.1] Query for;
array (
  'query' => 'SELECT * FROM users_games WHERE user_id LIKE ?   ',
  'params' => 
  array (
    0 => 17,
  ),
)
[2013-05-11 10:55:16][ABURISK:DEBUG][127.0.0.1] Query for;
array (
  'query' => 'SELECT * FROM games WHERE id LIKE ?   ',
  'params' => 
  array (
    0 => 39,
  ),
)
[2013-05-11 10:55:16][ABURISK:DEBUG][127.0.0.1] Query for;
array (
  'query' => 'SELECT * FROM users_games WHERE user_id LIKE ? AND game_id LIKE ?   ',
  'params' => 
  array (
    0 => 17,
    1 => 39,
  ),
)
[2013-05-11 10:55:17][ABURISK:DEBUG][127.0.0.1] Query for;
array (
  'query' => 'SELECT * FROM users_games WHERE user_id LIKE ?   ',
  'params' => 
  array (
    0 => 17,
  ),
)
[2013-05-11 10:55:17][ABURISK:DEBUG][127.0.0.1] Query for;
array (
  'query' => 'SELECT * FROM games WHERE id LIKE ?   ',
  'params' => 
  array (
    0 => 39,
  ),
)
[2013-05-11 10:55:17][ABURISK:DEBUG][127.0.0.1] Query for;
array (
  'query' => 'SELECT * FROM users_games WHERE user_id LIKE ? AND game_id LIKE ?   ',
  'params' => 
  array (
    0 => 17,
    1 => 39,
  ),
)
[2013-05-11 10:55:18][ABURISK:DEBUG][127.0.0.1] Query for;
array (
  'query' => 'SELECT * FROM users_games WHERE user_id LIKE ?   ',
  'params' => 
  array (
    0 => 17,
  ),
)
[2013-05-11 10:55:18][ABURISK:DEBUG][127.0.0.1] Query for;
array (
  'query' => 'SELECT * FROM games WHERE id LIKE ?   ',
  'params' => 
  array (
    0 => 39,
  ),
)
[2013-05-11 10:55:18][ABURISK:DEBUG][127.0.0.1] Query for;
array (
  'query' => 'SELECT * FROM users_games WHERE user_id LIKE ? AND game_id LIKE ?   ',
  'params' => 
  array (
    0 => 17,
    1 => 39,
  ),
)
[2013-05-11 10:55:19][ABURISK:DEBUG][127.0.0.1] Query for;
array (
  'query' => 'SELECT * FROM users_games WHERE user_id LIKE ?   ',
  'params' => 
  array (
    0 => 17,
  ),
)
[2013-05-11 10:55:19][ABURISK:DEBUG][127.0.0.1] Query for;
array (
  'query' => 'SELECT * FROM games WHERE id LIKE ?   ',
  'params' => 
  array (
    0 => 39,
  ),
)
[2013-05-11 10:55:19][ABURISK:DEBUG][127.0.0.1] Query for;
array (
  'query' => 'SELECT * FROM users_games WHERE user_id LIKE ? AND game_id LIKE ?   ',
  'params' => 
  array (
    0 => 17,
    1 => 39,
  ),
)
[2013-05-11 10:55:20][ABURISK:DEBUG][127.0.0.1] Query for;
array (
  'query' => 'SELECT * FROM users_games WHERE user_id LIKE ?   ',
  'params' => 
  array (
    0 => 17,
  ),
)
[2013-05-11 10:55:20][ABURISK:DEBUG][127.0.0.1] Query for;
array (
  'query' => 'SELECT * FROM games WHERE id LIKE ?   ',
  'params' => 
  array (
    0 => 39,
  ),
)
[2013-05-11 10:55:20][ABURISK:DEBUG][127.0.0.1] Query for;
array (
  'query' => 'SELECT * FROM users_games WHERE user_id LIKE ? AND game_id LIKE ?   ',
  'params' => 
  array (
    0 => 17,
    1 => 39,
  ),
)
[2013-05-11 10:55:21][ABURISK:DEBUG][127.0.0.1] Query for;
array (
  'query' => 'SELECT * FROM users_games WHERE user_id LIKE ?   ',
  'params' => 
  array (
    0 => 17,
  ),
)
[2013-05-11 10:55:21][ABURISK:DEBUG][127.0.0.1] Query for;
array (
  'query' => 'SELECT * FROM games WHERE id LIKE ?   ',
  'params' => 
  array (
    0 => 39,
  ),
)
[2013-05-11 10:55:21][ABURISK:DEBUG][127.0.0.1] Query for;
array (
  'query' => 'SELECT * FROM users_games WHERE user_id LIKE ? AND game_id LIKE ?   ',
  'params' => 
  array (
    0 => 17,
    1 => 39,
  ),
)
[2013-05-11 10:55:22][ABURISK:DEBUG][127.0.0.1] Query for;
array (
  'query' => 'SELECT * FROM users_games WHERE user_id LIKE ?   ',
  'params' => 
  array (
    0 => 17,
  ),
)
[2013-05-11 10:55:22][ABURISK:DEBUG][127.0.0.1] Query for;
array (
  'query' => 'SELECT * FROM games WHERE id LIKE ?   ',
  'params' => 
  array (
    0 => 39,
  ),
)
[2013-05-11 10:55:22][ABURISK:DEBUG][127.0.0.1] Query for;
array (
  'query' => 'SELECT * FROM users_games WHERE user_id LIKE ? AND game_id LIKE ?   ',
  'params' => 
  array (
    0 => 17,
    1 => 39,
  ),
)
[2013-05-11 10:55:23][ABURISK:DEBUG][127.0.0.1] Query for;
array (
  'query' => 'SELECT * FROM users_games WHERE user_id LIKE ?   ',
  'params' => 
  array (
    0 => 17,
  ),
)
[2013-05-11 10:55:23][ABURISK:DEBUG][127.0.0.1] Query for;
array (
  'query' => 'SELECT * FROM games WHERE id LIKE ?   ',
  'params' => 
  array (
    0 => 39,
  ),
)
[2013-05-11 10:55:23][ABURISK:DEBUG][127.0.0.1] Query for;
array (
  'query' => 'SELECT * FROM users_games WHERE user_id LIKE ? AND game_id LIKE ?   ',
  'params' => 
  array (
    0 => 17,
    1 => 39,
  ),
)
[2013-05-11 10:55:24][ABURISK:DEBUG][127.0.0.1] Query for;
array (
  'query' => 'SELECT * FROM users_games WHERE user_id LIKE ?   ',
  'params' => 
  array (
    0 => 17,
  ),
)
[2013-05-11 10:55:24][ABURISK:DEBUG][127.0.0.1] Query for;
array (
  'query' => 'SELECT * FROM games WHERE id LIKE ?   ',
  'params' => 
  array (
    0 => 39,
  ),
)
[2013-05-11 10:55:24][ABURISK:DEBUG][127.0.0.1] Query for;
array (
  'query' => 'SELECT * FROM users_games WHERE user_id LIKE ? AND game_id LIKE ?   ',
  'params' => 
  array (
    0 => 17,
    1 => 39,
  ),
)
[2013-05-11 10:55:25][ABURISK:DEBUG][127.0.0.1] Query for;
array (
  'query' => 'SELECT * FROM users_games WHERE user_id LIKE ?   ',
  'params' => 
  array (
    0 => 17,
  ),
)
[2013-05-11 10:55:25][ABURISK:DEBUG][127.0.0.1] Query for;
array (
  'query' => 'SELECT * FROM games WHERE id LIKE ?   ',
  'params' => 
  array (
    0 => 39,
  ),
)
[2013-05-11 10:55:25][ABURISK:DEBUG][127.0.0.1] Query for;
array (
  'query' => 'SELECT * FROM users_games WHERE user_id LIKE ? AND game_id LIKE ?   ',
  'params' => 
  array (
    0 => 17,
    1 => 39,
  ),
)
[2013-05-11 10:55:26][ABURISK:DEBUG][127.0.0.1] Query for;
array (
  'query' => 'SELECT * FROM users_games WHERE user_id LIKE ?   ',
  'params' => 
  array (
    0 => 17,
  ),
)
[2013-05-11 10:55:26][ABURISK:DEBUG][127.0.0.1] Query for;
array (
  'query' => 'SELECT * FROM games WHERE id LIKE ?   ',
  'params' => 
  array (
    0 => 39,
  ),
)
[2013-05-11 10:55:26][ABURISK:DEBUG][127.0.0.1] Query for;
array (
  'query' => 'SELECT * FROM users_games WHERE user_id LIKE ? AND game_id LIKE ?   ',
  'params' => 
  array (
    0 => 17,
    1 => 39,
  ),
)
[2013-05-11 10:55:27][ABURISK:DEBUG][127.0.0.1] Query for;
array (
  'query' => 'SELECT * FROM users_games WHERE user_id LIKE ?   ',
  'params' => 
  array (
    0 => 17,
  ),
)
[2013-05-11 10:55:27][ABURISK:DEBUG][127.0.0.1] Query for;
array (
  'query' => 'SELECT * FROM games WHERE id LIKE ?   ',
  'params' => 
  array (
    0 => 39,
  ),
)
[2013-05-11 10:55:27][ABURISK:DEBUG][127.0.0.1] Query for;
array (
  'query' => 'SELECT * FROM users_games WHERE user_id LIKE ? AND game_id LIKE ?   ',
  'params' => 
  array (
    0 => 17,
    1 => 39,
  ),
)
[2013-05-11 10:55:28][ABURISK:DEBUG][127.0.0.1] Query for;
array (
  'query' => 'SELECT * FROM users_games WHERE user_id LIKE ?   ',
  'params' => 
  array (
    0 => 17,
  ),
)
[2013-05-11 10:55:28][ABURISK:DEBUG][127.0.0.1] Query for;
array (
  'query' => 'SELECT * FROM games WHERE id LIKE ?   ',
  'params' => 
  array (
    0 => 39,
  ),
)
[2013-05-11 10:55:28][ABURISK:DEBUG][127.0.0.1] Query for;
array (
  'query' => 'SELECT * FROM users_games WHERE user_id LIKE ? AND game_id LIKE ?   ',
  'params' => 
  array (
    0 => 17,
    1 => 39,
  ),
)
[2013-05-11 10:55:29][ABURISK:DEBUG][127.0.0.1] Query for;
array (
  'query' => 'SELECT * FROM users_games WHERE user_id LIKE ?   ',
  'params' => 
  array (
    0 => 17,
  ),
)
[2013-05-11 10:55:29][ABURISK:DEBUG][127.0.0.1] Query for;
array (
  'query' => 'SELECT * FROM games WHERE id LIKE ?   ',
  'params' => 
  array (
    0 => 39,
  ),
)
[2013-05-11 10:55:29][ABURISK:DEBUG][127.0.0.1] Query for;
array (
  'query' => 'SELECT * FROM users_games WHERE user_id LIKE ? AND game_id LIKE ?   ',
  'params' => 
  array (
    0 => 17,
    1 => 39,
  ),
)
[2013-05-11 10:55:30][ABURISK:DEBUG][127.0.0.1] Query for;
array (
  'query' => 'SELECT * FROM users_games WHERE user_id LIKE ?   ',
  'params' => 
  array (
    0 => 17,
  ),
)
[2013-05-11 10:55:30][ABURISK:DEBUG][127.0.0.1] Query for;
array (
  'query' => 'SELECT * FROM games WHERE id LIKE ?   ',
  'params' => 
  array (
    0 => 39,
  ),
)
[2013-05-11 10:55:30][ABURISK:DEBUG][127.0.0.1] Query for;
array (
  'query' => 'SELECT * FROM users_games WHERE user_id LIKE ? AND game_id LIKE ?   ',
  'params' => 
  array (
    0 => 17,
    1 => 39,
  ),
)
[2013-05-11 10:55:31][ABURISK:DEBUG][127.0.0.1] Query for;
array (
  'query' => 'SELECT * FROM users_games WHERE user_id LIKE ?   ',
  'params' => 
  array (
    0 => 17,
  ),
)
[2013-05-11 10:55:31][ABURISK:DEBUG][127.0.0.1] Query for;
array (
  'query' => 'SELECT * FROM games WHERE id LIKE ?   ',
  'params' => 
  array (
    0 => 39,
  ),
)
[2013-05-11 10:55:31][ABURISK:DEBUG][127.0.0.1] Query for;
array (
  'query' => 'SELECT * FROM users_games WHERE user_id LIKE ? AND game_id LIKE ?   ',
  'params' => 
  array (
    0 => 17,
    1 => 39,
  ),
)
[2013-05-11 10:55:32][ABURISK:DEBUG][127.0.0.1] Query for;
array (
  'query' => 'SELECT * FROM users_games WHERE user_id LIKE ?   ',
  'params' => 
  array (
    0 => 17,
  ),
)
[2013-05-11 10:55:32][ABURISK:DEBUG][127.0.0.1] Query for;
array (
  'query' => 'SELECT * FROM games WHERE id LIKE ?   ',
  'params' => 
  array (
    0 => 39,
  ),
)
[2013-05-11 10:55:32][ABURISK:DEBUG][127.0.0.1] Query for;
array (
  'query' => 'SELECT * FROM users_games WHERE user_id LIKE ? AND game_id LIKE ?   ',
  'params' => 
  array (
    0 => 17,
    1 => 39,
  ),
)
[2013-05-11 10:55:33][ABURISK:DEBUG][127.0.0.1] Query for;
array (
  'query' => 'SELECT * FROM users_games WHERE user_id LIKE ?   ',
  'params' => 
  array (
    0 => 17,
  ),
)
[2013-05-11 10:55:33][ABURISK:DEBUG][127.0.0.1] Query for;
array (
  'query' => 'SELECT * FROM games WHERE id LIKE ?   ',
  'params' => 
  array (
    0 => 39,
  ),
)
[2013-05-11 10:55:33][ABURISK:DEBUG][127.0.0.1] Query for;
array (
  'query' => 'SELECT * FROM users_games WHERE user_id LIKE ? AND game_id LIKE ?   ',
  'params' => 
  array (
    0 => 17,
    1 => 39,
  ),
)
[2013-05-11 10:55:34][ABURISK:DEBUG][127.0.0.1] Query for;
array (
  'query' => 'SELECT * FROM users_games WHERE user_id LIKE ?   ',
  'params' => 
  array (
    0 => 17,
  ),
)
[2013-05-11 10:55:34][ABURISK:DEBUG][127.0.0.1] Query for;
array (
  'query' => 'SELECT * FROM games WHERE id LIKE ?   ',
  'params' => 
  array (
    0 => 39,
  ),
)
[2013-05-11 10:55:34][ABURISK:DEBUG][127.0.0.1] Query for;
array (
  'query' => 'SELECT * FROM users_games WHERE user_id LIKE ? AND game_id LIKE ?   ',
  'params' => 
  array (
    0 => 17,
    1 => 39,
  ),
)
[2013-05-11 10:55:35][ABURISK:DEBUG][127.0.0.1] Query for;
array (
  'query' => 'SELECT * FROM users_games WHERE user_id LIKE ?   ',
  'params' => 
  array (
    0 => 17,
  ),
)
[2013-05-11 10:55:35][ABURISK:DEBUG][127.0.0.1] Query for;
array (
  'query' => 'SELECT * FROM games WHERE id LIKE ?   ',
  'params' => 
  array (
    0 => 39,
  ),
)
[2013-05-11 10:55:35][ABURISK:DEBUG][127.0.0.1] Query for;
array (
  'query' => 'SELECT * FROM users_games WHERE user_id LIKE ? AND game_id LIKE ?   ',
  'params' => 
  array (
    0 => 17,
    1 => 39,
  ),
)
[2013-05-11 10:55:36][ABURISK:DEBUG][127.0.0.1] Query for;
array (
  'query' => 'SELECT * FROM users_games WHERE user_id LIKE ?   ',
  'params' => 
  array (
    0 => 17,
  ),
)
[2013-05-11 10:55:36][ABURISK:DEBUG][127.0.0.1] Query for;
array (
  'query' => 'SELECT * FROM games WHERE id LIKE ?   ',
  'params' => 
  array (
    0 => 39,
  ),
)
[2013-05-11 10:55:36][ABURISK:DEBUG][127.0.0.1] Query for;
array (
  'query' => 'SELECT * FROM users_games WHERE user_id LIKE ? AND game_id LIKE ?   ',
  'params' => 
  array (
    0 => 17,
    1 => 39,
  ),
)
[2013-05-11 10:55:37][ABURISK:DEBUG][127.0.0.1] Query for;
array (
  'query' => 'SELECT * FROM users_games WHERE user_id LIKE ?   ',
  'params' => 
  array (
    0 => 17,
  ),
)
[2013-05-11 10:55:37][ABURISK:DEBUG][127.0.0.1] Query for;
array (
  'query' => 'SELECT * FROM games WHERE id LIKE ?   ',
  'params' => 
  array (
    0 => 39,
  ),
)
[2013-05-11 10:55:37][ABURISK:DEBUG][127.0.0.1] Query for;
array (
  'query' => 'SELECT * FROM users_games WHERE user_id LIKE ? AND game_id LIKE ?   ',
  'params' => 
  array (
    0 => 17,
    1 => 39,
  ),
)
[2013-05-11 10:55:38][ABURISK:DEBUG][127.0.0.1] Query for;
array (
  'query' => 'SELECT * FROM users_games WHERE user_id LIKE ?   ',
  'params' => 
  array (
    0 => 17,
  ),
)
[2013-05-11 10:55:38][ABURISK:DEBUG][127.0.0.1] Query for;
array (
  'query' => 'SELECT * FROM games WHERE id LIKE ?   ',
  'params' => 
  array (
    0 => 39,
  ),
)
[2013-05-11 10:55:38][ABURISK:DEBUG][127.0.0.1] Query for;
array (
  'query' => 'SELECT * FROM users_games WHERE user_id LIKE ? AND game_id LIKE ?   ',
  'params' => 
  array (
    0 => 17,
    1 => 39,
  ),
)
[2013-05-11 10:55:39][ABURISK:DEBUG][127.0.0.1] Query for;
array (
  'query' => 'SELECT * FROM users_games WHERE user_id LIKE ?   ',
  'params' => 
  array (
    0 => 17,
  ),
)
[2013-05-11 10:55:39][ABURISK:DEBUG][127.0.0.1] Query for;
array (
  'query' => 'SELECT * FROM games WHERE id LIKE ?   ',
  'params' => 
  array (
    0 => 39,
  ),
)
[2013-05-11 10:55:39][ABURISK:DEBUG][127.0.0.1] Query for;
array (
  'query' => 'SELECT * FROM users_games WHERE user_id LIKE ? AND game_id LIKE ?   ',
  'params' => 
  array (
    0 => 17,
    1 => 39,
  ),
)
[2013-05-11 10:55:40][ABURISK:DEBUG][127.0.0.1] Query for;
array (
  'query' => 'SELECT * FROM users_games WHERE user_id LIKE ?   ',
  'params' => 
  array (
    0 => 17,
  ),
)
[2013-05-11 10:55:40][ABURISK:DEBUG][127.0.0.1] Query for;
array (
  'query' => 'SELECT * FROM games WHERE id LIKE ?   ',
  'params' => 
  array (
    0 => 39,
  ),
)
[2013-05-11 10:55:40][ABURISK:DEBUG][127.0.0.1] Query for;
array (
  'query' => 'SELECT * FROM users_games WHERE user_id LIKE ? AND game_id LIKE ?   ',
  'params' => 
  array (
    0 => 17,
    1 => 39,
  ),
)
[2013-05-11 10:55:41][ABURISK:DEBUG][127.0.0.1] Query for;
array (
  'query' => 'SELECT * FROM users_games WHERE user_id LIKE ?   ',
  'params' => 
  array (
    0 => 17,
  ),
)
[2013-05-11 10:55:41][ABURISK:DEBUG][127.0.0.1] Query for;
array (
  'query' => 'SELECT * FROM games WHERE id LIKE ?   ',
  'params' => 
  array (
    0 => 39,
  ),
)
[2013-05-11 10:55:41][ABURISK:DEBUG][127.0.0.1] Query for;
array (
  'query' => 'SELECT * FROM users_games WHERE user_id LIKE ? AND game_id LIKE ?   ',
  'params' => 
  array (
    0 => 17,
    1 => 39,
  ),
)
[2013-05-11 10:55:42][ABURISK:DEBUG][127.0.0.1] Query for;
array (
  'query' => 'SELECT * FROM users_games WHERE user_id LIKE ?   ',
  'params' => 
  array (
    0 => 17,
  ),
)
[2013-05-11 10:55:42][ABURISK:DEBUG][127.0.0.1] Query for;
array (
  'query' => 'SELECT * FROM games WHERE id LIKE ?   ',
  'params' => 
  array (
    0 => 39,
  ),
)
[2013-05-11 10:55:42][ABURISK:DEBUG][127.0.0.1] Query for;
array (
  'query' => 'SELECT * FROM users_games WHERE user_id LIKE ? AND game_id LIKE ?   ',
  'params' => 
  array (
    0 => 17,
    1 => 39,
  ),
)
[2013-05-11 10:55:43][ABURISK:DEBUG][127.0.0.1] Query for;
array (
  'query' => 'SELECT * FROM users_games WHERE user_id LIKE ?   ',
  'params' => 
  array (
    0 => 17,
  ),
)
[2013-05-11 10:55:43][ABURISK:DEBUG][127.0.0.1] Query for;
array (
  'query' => 'SELECT * FROM games WHERE id LIKE ?   ',
  'params' => 
  array (
    0 => 39,
  ),
)
[2013-05-11 10:55:43][ABURISK:DEBUG][127.0.0.1] Query for;
array (
  'query' => 'SELECT * FROM users_games WHERE user_id LIKE ? AND game_id LIKE ?   ',
  'params' => 
  array (
    0 => 17,
    1 => 39,
  ),
)
[2013-05-11 10:55:44][ABURISK:DEBUG][127.0.0.1] Query for;
array (
  'query' => 'SELECT * FROM users_games WHERE user_id LIKE ?   ',
  'params' => 
  array (
    0 => 17,
  ),
)
[2013-05-11 10:55:44][ABURISK:DEBUG][127.0.0.1] Query for;
array (
  'query' => 'SELECT * FROM games WHERE id LIKE ?   ',
  'params' => 
  array (
    0 => 39,
  ),
)
[2013-05-11 10:55:44][ABURISK:DEBUG][127.0.0.1] Query for;
array (
  'query' => 'SELECT * FROM users_games WHERE user_id LIKE ? AND game_id LIKE ?   ',
  'params' => 
  array (
    0 => 17,
    1 => 39,
  ),
)
[2013-05-11 10:55:45][ABURISK:DEBUG][127.0.0.1] Query for;
array (
  'query' => 'SELECT * FROM users_games WHERE user_id LIKE ?   ',
  'params' => 
  array (
    0 => 17,
  ),
)
[2013-05-11 10:55:45][ABURISK:DEBUG][127.0.0.1] Query for;
array (
  'query' => 'SELECT * FROM games WHERE id LIKE ?   ',
  'params' => 
  array (
    0 => 39,
  ),
)
[2013-05-11 10:55:45][ABURISK:DEBUG][127.0.0.1] Query for;
array (
  'query' => 'SELECT * FROM users_games WHERE user_id LIKE ? AND game_id LIKE ?   ',
  'params' => 
  array (
    0 => 17,
    1 => 39,
  ),
)
[2013-05-11 10:55:46][ABURISK:DEBUG][127.0.0.1] Query for;
array (
  'query' => 'SELECT * FROM users_games WHERE user_id LIKE ?   ',
  'params' => 
  array (
    0 => 17,
  ),
)
[2013-05-11 10:55:46][ABURISK:DEBUG][127.0.0.1] Query for;
array (
  'query' => 'SELECT * FROM games WHERE id LIKE ?   ',
  'params' => 
  array (
    0 => 39,
  ),
)
[2013-05-11 10:55:46][ABURISK:DEBUG][127.0.0.1] Query for;
array (
  'query' => 'SELECT * FROM users_games WHERE user_id LIKE ? AND game_id LIKE ?   ',
  'params' => 
  array (
    0 => 17,
    1 => 39,
  ),
)
[2013-05-11 10:55:47][ABURISK:DEBUG][127.0.0.1] Query for;
array (
  'query' => 'SELECT * FROM users_games WHERE user_id LIKE ?   ',
  'params' => 
  array (
    0 => 17,
  ),
)
[2013-05-11 10:55:47][ABURISK:DEBUG][127.0.0.1] Query for;
array (
  'query' => 'SELECT * FROM games WHERE id LIKE ?   ',
  'params' => 
  array (
    0 => 39,
  ),
)
[2013-05-11 10:55:47][ABURISK:DEBUG][127.0.0.1] Query for;
array (
  'query' => 'SELECT * FROM users_games WHERE user_id LIKE ? AND game_id LIKE ?   ',
  'params' => 
  array (
    0 => 17,
    1 => 39,
  ),
)
[2013-05-11 10:55:48][ABURISK:DEBUG][127.0.0.1] Query for;
array (
  'query' => 'SELECT * FROM users_games WHERE user_id LIKE ?   ',
  'params' => 
  array (
    0 => 17,
  ),
)
[2013-05-11 10:55:48][ABURISK:DEBUG][127.0.0.1] Query for;
array (
  'query' => 'SELECT * FROM games WHERE id LIKE ?   ',
  'params' => 
  array (
    0 => 39,
  ),
)
[2013-05-11 10:55:48][ABURISK:DEBUG][127.0.0.1] Query for;
array (
  'query' => 'SELECT * FROM users_games WHERE user_id LIKE ? AND game_id LIKE ?   ',
  'params' => 
  array (
    0 => 17,
    1 => 39,
  ),
)
[2013-05-11 10:55:49][ABURISK:DEBUG][127.0.0.1] Query for;
array (
  'query' => 'SELECT * FROM users_games WHERE user_id LIKE ?   ',
  'params' => 
  array (
    0 => 17,
  ),
)
[2013-05-11 10:55:49][ABURISK:DEBUG][127.0.0.1] Query for;
array (
  'query' => 'SELECT * FROM games WHERE id LIKE ?   ',
  'params' => 
  array (
    0 => 39,
  ),
)
[2013-05-11 10:55:49][ABURISK:DEBUG][127.0.0.1] Query for;
array (
  'query' => 'SELECT * FROM users_games WHERE user_id LIKE ? AND game_id LIKE ?   ',
  'params' => 
  array (
    0 => 17,
    1 => 39,
  ),
)
[2013-05-11 10:55:50][ABURISK:DEBUG][127.0.0.1] Query for;
array (
  'query' => 'SELECT * FROM users_games WHERE user_id LIKE ?   ',
  'params' => 
  array (
    0 => 17,
  ),
)
[2013-05-11 10:55:50][ABURISK:DEBUG][127.0.0.1] Query for;
array (
  'query' => 'SELECT * FROM games WHERE id LIKE ?   ',
  'params' => 
  array (
    0 => 39,
  ),
)
[2013-05-11 10:55:50][ABURISK:DEBUG][127.0.0.1] Query for;
array (
  'query' => 'SELECT * FROM users_games WHERE user_id LIKE ? AND game_id LIKE ?   ',
  'params' => 
  array (
    0 => 17,
    1 => 39,
  ),
)
[2013-05-11 10:55:51][ABURISK:DEBUG][127.0.0.1] Query for;
array (
  'query' => 'SELECT * FROM users_games WHERE user_id LIKE ?   ',
  'params' => 
  array (
    0 => 17,
  ),
)
[2013-05-11 10:55:51][ABURISK:DEBUG][127.0.0.1] Query for;
array (
  'query' => 'SELECT * FROM games WHERE id LIKE ?   ',
  'params' => 
  array (
    0 => 39,
  ),
)
[2013-05-11 10:55:51][ABURISK:DEBUG][127.0.0.1] Query for;
array (
  'query' => 'SELECT * FROM users_games WHERE user_id LIKE ? AND game_id LIKE ?   ',
  'params' => 
  array (
    0 => 17,
    1 => 39,
  ),
)
[2013-05-11 10:55:52][ABURISK:DEBUG][127.0.0.1] Query for;
array (
  'query' => 'SELECT * FROM users_games WHERE user_id LIKE ?   ',
  'params' => 
  array (
    0 => 17,
  ),
)
[2013-05-11 10:55:52][ABURISK:DEBUG][127.0.0.1] Query for;
array (
  'query' => 'SELECT * FROM games WHERE id LIKE ?   ',
  'params' => 
  array (
    0 => 39,
  ),
)
[2013-05-11 10:55:52][ABURISK:DEBUG][127.0.0.1] Query for;
array (
  'query' => 'SELECT * FROM users_games WHERE user_id LIKE ? AND game_id LIKE ?   ',
  'params' => 
  array (
    0 => 17,
    1 => 39,
  ),
)
[2013-05-11 10:55:53][ABURISK:DEBUG][127.0.0.1] Query for;
array (
  'query' => 'SELECT * FROM users_games WHERE user_id LIKE ?   ',
  'params' => 
  array (
    0 => 17,
  ),
)
[2013-05-11 10:55:53][ABURISK:DEBUG][127.0.0.1] Query for;
array (
  'query' => 'SELECT * FROM games WHERE id LIKE ?   ',
  'params' => 
  array (
    0 => 39,
  ),
)
[2013-05-11 10:55:53][ABURISK:DEBUG][127.0.0.1] Query for;
array (
  'query' => 'SELECT * FROM users_games WHERE user_id LIKE ? AND game_id LIKE ?   ',
  'params' => 
  array (
    0 => 17,
    1 => 39,
  ),
)
[2013-05-11 10:55:55][ABURISK:DEBUG][127.0.0.1] Query for;
array (
  'query' => 'SELECT * FROM users_games WHERE user_id LIKE ?   ',
  'params' => 
  array (
    0 => 17,
  ),
)
[2013-05-11 10:55:55][ABURISK:DEBUG][127.0.0.1] Query for;
array (
  'query' => 'SELECT * FROM games WHERE id LIKE ?   ',
  'params' => 
  array (
    0 => 39,
  ),
)
[2013-05-11 10:55:55][ABURISK:DEBUG][127.0.0.1] Query for;
array (
  'query' => 'SELECT * FROM users_games WHERE user_id LIKE ? AND game_id LIKE ?   ',
  'params' => 
  array (
    0 => 17,
    1 => 39,
  ),
)
[2013-05-11 10:55:56][ABURISK:DEBUG][127.0.0.1] Query for;
array (
  'query' => 'SELECT * FROM users_games WHERE user_id LIKE ?   ',
  'params' => 
  array (
    0 => 17,
  ),
)
[2013-05-11 10:55:56][ABURISK:DEBUG][127.0.0.1] Query for;
array (
  'query' => 'SELECT * FROM games WHERE id LIKE ?   ',
  'params' => 
  array (
    0 => 39,
  ),
)
[2013-05-11 10:55:56][ABURISK:DEBUG][127.0.0.1] Query for;
array (
  'query' => 'SELECT * FROM users_games WHERE user_id LIKE ? AND game_id LIKE ?   ',
  'params' => 
  array (
    0 => 17,
    1 => 39,
  ),
)
[2013-05-11 10:55:57][ABURISK:DEBUG][127.0.0.1] Query for;
array (
  'query' => 'SELECT * FROM users_games WHERE user_id LIKE ?   ',
  'params' => 
  array (
    0 => 17,
  ),
)
[2013-05-11 10:55:57][ABURISK:DEBUG][127.0.0.1] Query for;
array (
  'query' => 'SELECT * FROM games WHERE id LIKE ?   ',
  'params' => 
  array (
    0 => 39,
  ),
)
[2013-05-11 10:55:57][ABURISK:DEBUG][127.0.0.1] Query for;
array (
  'query' => 'SELECT * FROM users_games WHERE user_id LIKE ? AND game_id LIKE ?   ',
  'params' => 
  array (
    0 => 17,
    1 => 39,
  ),
)
[2013-05-11 10:55:58][ABURISK:DEBUG][127.0.0.1] Query for;
array (
  'query' => 'SELECT * FROM users_games WHERE user_id LIKE ?   ',
  'params' => 
  array (
    0 => 17,
  ),
)
[2013-05-11 10:55:58][ABURISK:DEBUG][127.0.0.1] Query for;
array (
  'query' => 'SELECT * FROM games WHERE id LIKE ?   ',
  'params' => 
  array (
    0 => 39,
  ),
)
[2013-05-11 10:55:58][ABURISK:DEBUG][127.0.0.1] Query for;
array (
  'query' => 'SELECT * FROM users_games WHERE user_id LIKE ? AND game_id LIKE ?   ',
  'params' => 
  array (
    0 => 17,
    1 => 39,
  ),
)
[2013-05-11 10:55:59][ABURISK:DEBUG][127.0.0.1] Query for;
array (
  'query' => 'SELECT * FROM users_games WHERE user_id LIKE ?   ',
  'params' => 
  array (
    0 => 17,
  ),
)
[2013-05-11 10:55:59][ABURISK:DEBUG][127.0.0.1] Query for;
array (
  'query' => 'SELECT * FROM games WHERE id LIKE ?   ',
  'params' => 
  array (
    0 => 39,
  ),
)
[2013-05-11 10:55:59][ABURISK:DEBUG][127.0.0.1] Query for;
array (
  'query' => 'SELECT * FROM users_games WHERE user_id LIKE ? AND game_id LIKE ?   ',
  'params' => 
  array (
    0 => 17,
    1 => 39,
  ),
)
[2013-05-11 10:56:00][ABURISK:DEBUG][127.0.0.1] Query for;
array (
  'query' => 'SELECT * FROM users_games WHERE user_id LIKE ?   ',
  'params' => 
  array (
    0 => 17,
  ),
)
[2013-05-11 10:56:00][ABURISK:DEBUG][127.0.0.1] Query for;
array (
  'query' => 'SELECT * FROM games WHERE id LIKE ?   ',
  'params' => 
  array (
    0 => 39,
  ),
)
[2013-05-11 10:56:00][ABURISK:DEBUG][127.0.0.1] Query for;
array (
  'query' => 'SELECT * FROM users_games WHERE user_id LIKE ? AND game_id LIKE ?   ',
  'params' => 
  array (
    0 => 17,
    1 => 39,
  ),
)
[2013-05-11 10:56:01][ABURISK:DEBUG][127.0.0.1] Query for;
array (
  'query' => 'SELECT * FROM users_games WHERE user_id LIKE ?   ',
  'params' => 
  array (
    0 => 17,
  ),
)
[2013-05-11 10:56:01][ABURISK:DEBUG][127.0.0.1] Query for;
array (
  'query' => 'SELECT * FROM games WHERE id LIKE ?   ',
  'params' => 
  array (
    0 => 39,
  ),
)
[2013-05-11 10:56:01][ABURISK:DEBUG][127.0.0.1] Query for;
array (
  'query' => 'SELECT * FROM users_games WHERE user_id LIKE ? AND game_id LIKE ?   ',
  'params' => 
  array (
    0 => 17,
    1 => 39,
  ),
)
[2013-05-11 10:56:02][ABURISK:DEBUG][127.0.0.1] Query for;
array (
  'query' => 'SELECT * FROM users_games WHERE user_id LIKE ?   ',
  'params' => 
  array (
    0 => 17,
  ),
)
[2013-05-11 10:56:02][ABURISK:DEBUG][127.0.0.1] Query for;
array (
  'query' => 'SELECT * FROM games WHERE id LIKE ?   ',
  'params' => 
  array (
    0 => 39,
  ),
)
[2013-05-11 10:56:02][ABURISK:DEBUG][127.0.0.1] Query for;
array (
  'query' => 'SELECT * FROM users_games WHERE user_id LIKE ? AND game_id LIKE ?   ',
  'params' => 
  array (
    0 => 17,
    1 => 39,
  ),
)
[2013-05-11 10:56:03][ABURISK:DEBUG][127.0.0.1] Query for;
array (
  'query' => 'SELECT * FROM users_games WHERE user_id LIKE ?   ',
  'params' => 
  array (
    0 => 17,
  ),
)
[2013-05-11 10:56:03][ABURISK:DEBUG][127.0.0.1] Query for;
array (
  'query' => 'SELECT * FROM games WHERE id LIKE ?   ',
  'params' => 
  array (
    0 => 39,
  ),
)
[2013-05-11 10:56:03][ABURISK:DEBUG][127.0.0.1] Query for;
array (
  'query' => 'SELECT * FROM users_games WHERE user_id LIKE ? AND game_id LIKE ?   ',
  'params' => 
  array (
    0 => 17,
    1 => 39,
  ),
)
[2013-05-11 10:56:04][ABURISK:DEBUG][127.0.0.1] Query for;
array (
  'query' => 'SELECT * FROM users_games WHERE user_id LIKE ?   ',
  'params' => 
  array (
    0 => 17,
  ),
)
[2013-05-11 10:56:04][ABURISK:DEBUG][127.0.0.1] Query for;
array (
  'query' => 'SELECT * FROM games WHERE id LIKE ?   ',
  'params' => 
  array (
    0 => 39,
  ),
)
[2013-05-11 10:56:04][ABURISK:DEBUG][127.0.0.1] Query for;
array (
  'query' => 'SELECT * FROM users_games WHERE user_id LIKE ? AND game_id LIKE ?   ',
  'params' => 
  array (
    0 => 17,
    1 => 39,
  ),
)
[2013-05-11 10:56:05][ABURISK:DEBUG][127.0.0.1] Query for;
array (
  'query' => 'SELECT * FROM users_games WHERE user_id LIKE ?   ',
  'params' => 
  array (
    0 => 17,
  ),
)
[2013-05-11 10:56:05][ABURISK:DEBUG][127.0.0.1] Query for;
array (
  'query' => 'SELECT * FROM games WHERE id LIKE ?   ',
  'params' => 
  array (
    0 => 39,
  ),
)
[2013-05-11 10:56:05][ABURISK:DEBUG][127.0.0.1] Query for;
array (
  'query' => 'SELECT * FROM users_games WHERE user_id LIKE ? AND game_id LIKE ?   ',
  'params' => 
  array (
    0 => 17,
    1 => 39,
  ),
)
[2013-05-11 10:56:06][ABURISK:DEBUG][127.0.0.1] Query for;
array (
  'query' => 'SELECT * FROM users_games WHERE user_id LIKE ?   ',
  'params' => 
  array (
    0 => 17,
  ),
)
[2013-05-11 10:56:06][ABURISK:DEBUG][127.0.0.1] Query for;
array (
  'query' => 'SELECT * FROM games WHERE id LIKE ?   ',
  'params' => 
  array (
    0 => 39,
  ),
)
[2013-05-11 10:56:06][ABURISK:DEBUG][127.0.0.1] Query for;
array (
  'query' => 'SELECT * FROM users_games WHERE user_id LIKE ? AND game_id LIKE ?   ',
  'params' => 
  array (
    0 => 17,
    1 => 39,
  ),
)
[2013-05-11 10:56:07][ABURISK:DEBUG][127.0.0.1] Query for;
array (
  'query' => 'SELECT * FROM users_games WHERE user_id LIKE ?   ',
  'params' => 
  array (
    0 => 17,
  ),
)
[2013-05-11 10:56:07][ABURISK:DEBUG][127.0.0.1] Query for;
array (
  'query' => 'SELECT * FROM games WHERE id LIKE ?   ',
  'params' => 
  array (
    0 => 39,
  ),
)
[2013-05-11 10:56:07][ABURISK:DEBUG][127.0.0.1] Query for;
array (
  'query' => 'SELECT * FROM users_games WHERE user_id LIKE ? AND game_id LIKE ?   ',
  'params' => 
  array (
    0 => 17,
    1 => 39,
  ),
)
[2013-05-11 10:56:08][ABURISK:DEBUG][127.0.0.1] Query for;
array (
  'query' => 'SELECT * FROM users_games WHERE user_id LIKE ?   ',
  'params' => 
  array (
    0 => 17,
  ),
)
[2013-05-11 10:56:08][ABURISK:DEBUG][127.0.0.1] Query for;
array (
  'query' => 'SELECT * FROM games WHERE id LIKE ?   ',
  'params' => 
  array (
    0 => 39,
  ),
)
[2013-05-11 10:56:08][ABURISK:DEBUG][127.0.0.1] Query for;
array (
  'query' => 'SELECT * FROM users_games WHERE user_id LIKE ? AND game_id LIKE ?   ',
  'params' => 
  array (
    0 => 17,
    1 => 39,
  ),
)
[2013-05-11 10:56:09][ABURISK:DEBUG][127.0.0.1] Query for;
array (
  'query' => 'SELECT * FROM users_games WHERE user_id LIKE ?   ',
  'params' => 
  array (
    0 => 17,
  ),
)
[2013-05-11 10:56:09][ABURISK:DEBUG][127.0.0.1] Query for;
array (
  'query' => 'SELECT * FROM games WHERE id LIKE ?   ',
  'params' => 
  array (
    0 => 39,
  ),
)
[2013-05-11 10:56:09][ABURISK:DEBUG][127.0.0.1] Query for;
array (
  'query' => 'SELECT * FROM users_games WHERE user_id LIKE ? AND game_id LIKE ?   ',
  'params' => 
  array (
    0 => 17,
    1 => 39,
  ),
)
[2013-05-11 10:56:10][ABURISK:DEBUG][127.0.0.1] Query for;
array (
  'query' => 'SELECT * FROM users_games WHERE user_id LIKE ?   ',
  'params' => 
  array (
    0 => 17,
  ),
)
[2013-05-11 10:56:10][ABURISK:DEBUG][127.0.0.1] Query for;
array (
  'query' => 'SELECT * FROM games WHERE id LIKE ?   ',
  'params' => 
  array (
    0 => 39,
  ),
)
[2013-05-11 10:56:10][ABURISK:DEBUG][127.0.0.1] Query for;
array (
  'query' => 'SELECT * FROM users_games WHERE user_id LIKE ? AND game_id LIKE ?   ',
  'params' => 
  array (
    0 => 17,
    1 => 39,
  ),
)
[2013-05-11 10:56:11][ABURISK:DEBUG][127.0.0.1] Query for;
array (
  'query' => 'SELECT * FROM users_games WHERE user_id LIKE ?   ',
  'params' => 
  array (
    0 => 17,
  ),
)
[2013-05-11 10:56:11][ABURISK:DEBUG][127.0.0.1] Query for;
array (
  'query' => 'SELECT * FROM games WHERE id LIKE ?   ',
  'params' => 
  array (
    0 => 39,
  ),
)
[2013-05-11 10:56:11][ABURISK:DEBUG][127.0.0.1] Query for;
array (
  'query' => 'SELECT * FROM users_games WHERE user_id LIKE ? AND game_id LIKE ?   ',
  'params' => 
  array (
    0 => 17,
    1 => 39,
  ),
)
[2013-05-11 10:56:12][ABURISK:DEBUG][127.0.0.1] Query for;
array (
  'query' => 'SELECT * FROM users_games WHERE user_id LIKE ?   ',
  'params' => 
  array (
    0 => 17,
  ),
)
[2013-05-11 10:56:12][ABURISK:DEBUG][127.0.0.1] Query for;
array (
  'query' => 'SELECT * FROM games WHERE id LIKE ?   ',
  'params' => 
  array (
    0 => 39,
  ),
)
[2013-05-11 10:56:12][ABURISK:DEBUG][127.0.0.1] Query for;
array (
  'query' => 'SELECT * FROM users_games WHERE user_id LIKE ? AND game_id LIKE ?   ',
  'params' => 
  array (
    0 => 17,
    1 => 39,
  ),
)
[2013-05-11 10:56:13][ABURISK:DEBUG][127.0.0.1] Query for;
array (
  'query' => 'SELECT * FROM users_games WHERE user_id LIKE ?   ',
  'params' => 
  array (
    0 => 17,
  ),
)
[2013-05-11 10:56:13][ABURISK:DEBUG][127.0.0.1] Query for;
array (
  'query' => 'SELECT * FROM games WHERE id LIKE ?   ',
  'params' => 
  array (
    0 => 39,
  ),
)
[2013-05-11 10:56:13][ABURISK:DEBUG][127.0.0.1] Query for;
array (
  'query' => 'SELECT * FROM users_games WHERE user_id LIKE ? AND game_id LIKE ?   ',
  'params' => 
  array (
    0 => 17,
    1 => 39,
  ),
)
[2013-05-11 10:56:14][ABURISK:DEBUG][127.0.0.1] Query for;
array (
  'query' => 'SELECT * FROM users_games WHERE user_id LIKE ?   ',
  'params' => 
  array (
    0 => 17,
  ),
)
[2013-05-11 10:56:14][ABURISK:DEBUG][127.0.0.1] Query for;
array (
  'query' => 'SELECT * FROM games WHERE id LIKE ?   ',
  'params' => 
  array (
    0 => 39,
  ),
)
[2013-05-11 10:56:14][ABURISK:DEBUG][127.0.0.1] Query for;
array (
  'query' => 'SELECT * FROM users_games WHERE user_id LIKE ? AND game_id LIKE ?   ',
  'params' => 
  array (
    0 => 17,
    1 => 39,
  ),
)
[2013-05-11 10:56:59][ABURISK:DEBUG][127.0.0.1] Query for;
array (
  'query' => 'SELECT * FROM users_games WHERE user_id LIKE ?   ',
  'params' => 
  array (
    0 => 17,
  ),
)
[2013-05-11 10:56:59][ABURISK:DEBUG][127.0.0.1] Query for;
array (
  'query' => 'SELECT * FROM games WHERE id LIKE ?   ',
  'params' => 
  array (
    0 => 39,
  ),
)
[2013-05-11 10:56:59][ABURISK:DEBUG][127.0.0.1] Query for;
array (
  'query' => 'SELECT * FROM users_games WHERE user_id LIKE ? AND game_id LIKE ?   ',
  'params' => 
  array (
    0 => 17,
    1 => 39,
  ),
)
[2013-05-11 10:57:00][ABURISK:DEBUG][127.0.0.1] Query for;
array (
  'query' => 'SELECT * FROM users_games WHERE user_id LIKE ?   ',
  'params' => 
  array (
    0 => 17,
  ),
)
[2013-05-11 10:57:00][ABURISK:DEBUG][127.0.0.1] Query for;
array (
  'query' => 'SELECT * FROM games WHERE id LIKE ?   ',
  'params' => 
  array (
    0 => 39,
  ),
)
[2013-05-11 10:57:00][ABURISK:DEBUG][127.0.0.1] Query for;
array (
  'query' => 'SELECT * FROM users_games WHERE user_id LIKE ? AND game_id LIKE ?   ',
  'params' => 
  array (
    0 => 17,
    1 => 39,
  ),
)
[2013-05-11 10:57:01][ABURISK:DEBUG][127.0.0.1] Query for;
array (
  'query' => 'SELECT * FROM users_games WHERE user_id LIKE ?   ',
  'params' => 
  array (
    0 => 17,
  ),
)
[2013-05-11 10:57:01][ABURISK:DEBUG][127.0.0.1] Query for;
array (
  'query' => 'SELECT * FROM games WHERE id LIKE ?   ',
  'params' => 
  array (
    0 => 39,
  ),
)
[2013-05-11 10:57:01][ABURISK:DEBUG][127.0.0.1] Query for;
array (
  'query' => 'SELECT * FROM users_games WHERE user_id LIKE ? AND game_id LIKE ?   ',
  'params' => 
  array (
    0 => 17,
    1 => 39,
  ),
)
[2013-05-11 10:57:02][ABURISK:DEBUG][127.0.0.1] Query for;
array (
  'query' => 'SELECT * FROM users_games WHERE user_id LIKE ?   ',
  'params' => 
  array (
    0 => 17,
  ),
)
[2013-05-11 10:57:02][ABURISK:DEBUG][127.0.0.1] Query for;
array (
  'query' => 'SELECT * FROM games WHERE id LIKE ?   ',
  'params' => 
  array (
    0 => 39,
  ),
)
[2013-05-11 10:57:02][ABURISK:DEBUG][127.0.0.1] Query for;
array (
  'query' => 'SELECT * FROM users_games WHERE user_id LIKE ? AND game_id LIKE ?   ',
  'params' => 
  array (
    0 => 17,
    1 => 39,
  ),
)
[2013-05-11 10:57:03][ABURISK:DEBUG][127.0.0.1] Query for;
array (
  'query' => 'SELECT * FROM users_games WHERE user_id LIKE ?   ',
  'params' => 
  array (
    0 => 17,
  ),
)
[2013-05-11 10:57:03][ABURISK:DEBUG][127.0.0.1] Query for;
array (
  'query' => 'SELECT * FROM games WHERE id LIKE ?   ',
  'params' => 
  array (
    0 => 39,
  ),
)
[2013-05-11 10:57:03][ABURISK:DEBUG][127.0.0.1] Query for;
array (
  'query' => 'SELECT * FROM users_games WHERE user_id LIKE ? AND game_id LIKE ?   ',
  'params' => 
  array (
    0 => 17,
    1 => 39,
  ),
)
[2013-05-11 10:57:04][ABURISK:DEBUG][127.0.0.1] Query for;
array (
  'query' => 'SELECT * FROM users_games WHERE user_id LIKE ?   ',
  'params' => 
  array (
    0 => 17,
  ),
)
[2013-05-11 10:57:04][ABURISK:DEBUG][127.0.0.1] Query for;
array (
  'query' => 'SELECT * FROM games WHERE id LIKE ?   ',
  'params' => 
  array (
    0 => 39,
  ),
)
[2013-05-11 10:57:04][ABURISK:DEBUG][127.0.0.1] Query for;
array (
  'query' => 'SELECT * FROM users_games WHERE user_id LIKE ? AND game_id LIKE ?   ',
  'params' => 
  array (
    0 => 17,
    1 => 39,
  ),
)
[2013-05-11 10:57:05][ABURISK:DEBUG][127.0.0.1] Query for;
array (
  'query' => 'SELECT * FROM users_games WHERE user_id LIKE ?   ',
  'params' => 
  array (
    0 => 17,
  ),
)
[2013-05-11 10:57:05][ABURISK:DEBUG][127.0.0.1] Query for;
array (
  'query' => 'SELECT * FROM games WHERE id LIKE ?   ',
  'params' => 
  array (
    0 => 39,
  ),
)
[2013-05-11 10:57:05][ABURISK:DEBUG][127.0.0.1] Query for;
array (
  'query' => 'SELECT * FROM users_games WHERE user_id LIKE ? AND game_id LIKE ?   ',
  'params' => 
  array (
    0 => 17,
    1 => 39,
  ),
)
[2013-05-11 10:57:06][ABURISK:DEBUG][127.0.0.1] Query for;
array (
  'query' => 'SELECT * FROM users_games WHERE user_id LIKE ?   ',
  'params' => 
  array (
    0 => 17,
  ),
)
[2013-05-11 10:57:06][ABURISK:DEBUG][127.0.0.1] Query for;
array (
  'query' => 'SELECT * FROM games WHERE id LIKE ?   ',
  'params' => 
  array (
    0 => 39,
  ),
)
[2013-05-11 10:57:06][ABURISK:DEBUG][127.0.0.1] Query for;
array (
  'query' => 'SELECT * FROM users_games WHERE user_id LIKE ? AND game_id LIKE ?   ',
  'params' => 
  array (
    0 => 17,
    1 => 39,
  ),
)
[2013-05-11 10:57:07][ABURISK:DEBUG][127.0.0.1] Query for;
array (
  'query' => 'SELECT * FROM users_games WHERE user_id LIKE ?   ',
  'params' => 
  array (
    0 => 17,
  ),
)
[2013-05-11 10:57:07][ABURISK:DEBUG][127.0.0.1] Query for;
array (
  'query' => 'SELECT * FROM games WHERE id LIKE ?   ',
  'params' => 
  array (
    0 => 39,
  ),
)
[2013-05-11 10:57:07][ABURISK:DEBUG][127.0.0.1] Query for;
array (
  'query' => 'SELECT * FROM users_games WHERE user_id LIKE ? AND game_id LIKE ?   ',
  'params' => 
  array (
    0 => 17,
    1 => 39,
  ),
)
[2013-05-11 10:57:08][ABURISK:DEBUG][127.0.0.1] Query for;
array (
  'query' => 'SELECT * FROM users_games WHERE user_id LIKE ?   ',
  'params' => 
  array (
    0 => 17,
  ),
)
[2013-05-11 10:57:08][ABURISK:DEBUG][127.0.0.1] Query for;
array (
  'query' => 'SELECT * FROM games WHERE id LIKE ?   ',
  'params' => 
  array (
    0 => 39,
  ),
)
[2013-05-11 10:57:08][ABURISK:DEBUG][127.0.0.1] Query for;
array (
  'query' => 'SELECT * FROM users_games WHERE user_id LIKE ? AND game_id LIKE ?   ',
  'params' => 
  array (
    0 => 17,
    1 => 39,
  ),
)
[2013-05-11 10:57:08][ABURISK:DEBUG][127.0.0.1] Query for;
array (
  'query' => 'SELECT * FROM games WHERE id LIKE ?   ',
  'params' => 
  array (
    0 => '39',
  ),
)
[2013-05-11 10:57:08][ABURISK:DEBUG][127.0.0.1] Query for;
array (
  'query' => 'UPDATE games SET current_player_id= ? , state= ?  WHERE id LIKE ? ',
  'params' => 
  array (
    0 => NULL,
    1 => 'GAME_END',
    2 => 39,
  ),
)
[2013-05-11 10:57:08][ABURISK:DEBUG][127.0.0.1] Query for;
array (
  'query' => 'DELETE FROM users_games WHERE game_id LIKE ? ',
  'params' => 
  array (
    0 => '39',
  ),
)
[2013-05-11 10:57:08][ABURISK:DEBUG][127.0.0.1] Query for;
array (
  'query' => 'DELETE FROM planets_games WHERE game_id LIKE ? ',
  'params' => 
  array (
    0 => '39',
  ),
)
[2013-05-11 10:57:08][ABURISK:DEBUG][127.0.0.1] Query for;
array (
  'query' => 'UPDATE users_games SET dirty= ?  WHERE game_id LIKE ? ',
  'params' => 
  array (
    0 => 'true',
    1 => 39,
  ),
)
[2013-05-11 10:57:08][ABURISK:DEBUG][127.0.0.1] Query for;
array (
  'query' => 'select * from games where state not like \'GAME_END\'  and id not in (select game_id from users_games where user_id = 17)',
  'params' => NULL,
)
[2013-05-11 10:57:08][ABURISK:DEBUG][127.0.0.1] Query for;
array (
  'query' => 'SELECT * FROM users WHERE id LIKE ?   ',
  'params' => 
  array (
    0 => 17,
  ),
)
[2013-05-11 10:57:08][ABURISK:DEBUG][127.0.0.1] Query for;
array (
  'query' => 'SELECT * FROM users_games WHERE user_id LIKE ?   ',
  'params' => 
  array (
    0 => 17,
  ),
)
